<?xml version="1.0" encoding="UTF-8"?>
<testsuite name="com.example.dicpop.DicpopApplicationTests" tests="1" skipped="0" failures="0" errors="0" timestamp="2022-05-25T13:45:47" hostname="YONGKIui-MacBookPro.local" time="0.265">
  <properties/>
  <testcase name="contextLoads()" classname="com.example.dicpop.DicpopApplicationTests" time="0.265"/>
  <system-out><![CDATA[22:45:45.727 [Test worker] DEBUG org.springframework.test.context.BootstrapUtils - Instantiating CacheAwareContextLoaderDelegate from class [org.springframework.test.context.cache.DefaultCacheAwareContextLoaderDelegate]
22:45:45.735 [Test worker] DEBUG org.springframework.test.context.BootstrapUtils - Instantiating BootstrapContext using constructor [public org.springframework.test.context.support.DefaultBootstrapContext(java.lang.Class,org.springframework.test.context.CacheAwareContextLoaderDelegate)]
22:45:45.759 [Test worker] DEBUG org.springframework.test.context.BootstrapUtils - Instantiating TestContextBootstrapper for test class [com.example.dicpop.DicpopApplicationTests] from class [org.springframework.boot.test.context.SpringBootTestContextBootstrapper]
22:45:45.766 [Test worker] INFO org.springframework.boot.test.context.SpringBootTestContextBootstrapper - Neither @ContextConfiguration nor @ContextHierarchy found for test class [com.example.dicpop.DicpopApplicationTests], using SpringBootContextLoader
22:45:45.768 [Test worker] DEBUG org.springframework.test.context.support.AbstractContextLoader - Did not detect default resource location for test class [com.example.dicpop.DicpopApplicationTests]: class path resource [com/example/dicpop/DicpopApplicationTests-context.xml] does not exist
22:45:45.768 [Test worker] DEBUG org.springframework.test.context.support.AbstractContextLoader - Did not detect default resource location for test class [com.example.dicpop.DicpopApplicationTests]: class path resource [com/example/dicpop/DicpopApplicationTestsContext.groovy] does not exist
22:45:45.769 [Test worker] INFO org.springframework.test.context.support.AbstractContextLoader - Could not detect default resource locations for test class [com.example.dicpop.DicpopApplicationTests]: no resource found for suffixes {-context.xml, Context.groovy}.
22:45:45.769 [Test worker] INFO org.springframework.test.context.support.AnnotationConfigContextLoaderUtils - Could not detect default configuration classes for test class [com.example.dicpop.DicpopApplicationTests]: DicpopApplicationTests does not declare any static, non-private, non-final, nested classes annotated with @Configuration.
22:45:45.797 [Test worker] DEBUG org.springframework.test.context.support.ActiveProfilesUtils - Could not find an 'annotation declaring class' for annotation type [org.springframework.test.context.ActiveProfiles] and class [com.example.dicpop.DicpopApplicationTests]
22:45:45.834 [Test worker] DEBUG org.springframework.context.annotation.ClassPathScanningCandidateComponentProvider - Identified candidate component class: file [/Users/bravelee/Documents/study/dicPop/03.source/dicpop/build/classes/java/main/com/example/dicpop/DicpopApplication.class]
22:45:45.842 [Test worker] INFO org.springframework.boot.test.context.SpringBootTestContextBootstrapper - Found @SpringBootConfiguration com.example.dicpop.DicpopApplication for test class com.example.dicpop.DicpopApplicationTests
22:45:45.904 [Test worker] DEBUG org.springframework.boot.test.context.SpringBootTestContextBootstrapper - @TestExecutionListeners is not present for class [com.example.dicpop.DicpopApplicationTests]: using defaults.
22:45:45.904 [Test worker] INFO org.springframework.boot.test.context.SpringBootTestContextBootstrapper - Loaded default TestExecutionListener class names from location [META-INF/spring.factories]: [org.springframework.boot.test.autoconfigure.restdocs.RestDocsTestExecutionListener, org.springframework.boot.test.autoconfigure.web.client.MockRestServiceServerResetTestExecutionListener, org.springframework.boot.test.autoconfigure.web.servlet.MockMvcPrintOnlyOnFailureTestExecutionListener, org.springframework.boot.test.autoconfigure.web.servlet.WebDriverTestExecutionListener, org.springframework.boot.test.autoconfigure.webservices.client.MockWebServiceServerTestExecutionListener, org.springframework.boot.test.mock.mockito.MockitoTestExecutionListener, org.springframework.boot.test.mock.mockito.ResetMocksTestExecutionListener, org.springframework.test.context.web.ServletTestExecutionListener, org.springframework.test.context.support.DirtiesContextBeforeModesTestExecutionListener, org.springframework.test.context.event.ApplicationEventsTestExecutionListener, org.springframework.test.context.support.DependencyInjectionTestExecutionListener, org.springframework.test.context.support.DirtiesContextTestExecutionListener, org.springframework.test.context.transaction.TransactionalTestExecutionListener, org.springframework.test.context.jdbc.SqlScriptsTestExecutionListener, org.springframework.test.context.event.EventPublishingTestExecutionListener]
22:45:45.912 [Test worker] DEBUG org.springframework.boot.test.context.SpringBootTestContextBootstrapper - Skipping candidate TestExecutionListener [org.springframework.test.context.transaction.TransactionalTestExecutionListener] due to a missing dependency. Specify custom listener classes or make the default listener classes and their required dependencies available. Offending class: [org/springframework/transaction/interceptor/TransactionAttributeSource]
22:45:45.912 [Test worker] DEBUG org.springframework.boot.test.context.SpringBootTestContextBootstrapper - Skipping candidate TestExecutionListener [org.springframework.test.context.jdbc.SqlScriptsTestExecutionListener] due to a missing dependency. Specify custom listener classes or make the default listener classes and their required dependencies available. Offending class: [org/springframework/transaction/interceptor/TransactionAttribute]
22:45:45.912 [Test worker] INFO org.springframework.boot.test.context.SpringBootTestContextBootstrapper - Using TestExecutionListeners: [org.springframework.test.context.web.ServletTestExecutionListener@6821ea29, org.springframework.test.context.support.DirtiesContextBeforeModesTestExecutionListener@338494fa, org.springframework.test.context.event.ApplicationEventsTestExecutionListener@505a9d7c, org.springframework.boot.test.mock.mockito.MockitoTestExecutionListener@758c83d8, org.springframework.boot.test.autoconfigure.SpringBootDependencyInjectionTestExecutionListener@129b4fe2, org.springframework.test.context.support.DirtiesContextTestExecutionListener@5af3a0f, org.springframework.test.context.event.EventPublishingTestExecutionListener@19ae6bb, org.springframework.boot.test.autoconfigure.restdocs.RestDocsTestExecutionListener@10993713, org.springframework.boot.test.autoconfigure.web.client.MockRestServiceServerResetTestExecutionListener@58359ebd, org.springframework.boot.test.autoconfigure.web.servlet.MockMvcPrintOnlyOnFailureTestExecutionListener@24b6b8f6, org.springframework.boot.test.autoconfigure.web.servlet.WebDriverTestExecutionListener@72cf2de5, org.springframework.boot.test.autoconfigure.webservices.client.MockWebServiceServerTestExecutionListener@2bb7bd00, org.springframework.boot.test.mock.mockito.ResetMocksTestExecutionListener@5f031ebd]
22:45:45.914 [Test worker] DEBUG org.springframework.test.context.support.AbstractDirtiesContextTestExecutionListener - Before test class: context [DefaultTestContext@3b77a04f testClass = DicpopApplicationTests, testInstance = [null], testMethod = [null], testException = [null], mergedContextConfiguration = [WebMergedContextConfiguration@7b324585 testClass = DicpopApplicationTests, locations = '{}', classes = '{class com.example.dicpop.DicpopApplication}', contextInitializerClasses = '[]', activeProfiles = '{}', propertySourceLocations = '{}', propertySourceProperties = '{org.springframework.boot.test.context.SpringBootTestContextBootstrapper=true}', contextCustomizers = set[org.springframework.boot.test.autoconfigure.actuate.metrics.MetricsExportContextCustomizerFactory$DisableMetricExportContextCustomizer@479ceda0, org.springframework.boot.test.autoconfigure.properties.PropertyMappingContextCustomizer@0, org.springframework.boot.test.autoconfigure.web.servlet.WebDriverContextCustomizerFactory$Customizer@3f67593e, org.springframework.boot.test.context.filter.ExcludeFilterContextCustomizer@82ea68c, org.springframework.boot.test.json.DuplicateJsonObjectContextCustomizerFactory$DuplicateJsonObjectContextCustomizer@8e50104, org.springframework.boot.test.mock.mockito.MockitoContextCustomizer@0, org.springframework.boot.test.web.client.TestRestTemplateContextCustomizer@69f1a286, org.springframework.boot.test.context.SpringBootTestArgs@1, org.springframework.boot.test.context.SpringBootTestWebEnvironment@20d525], resourceBasePath = 'src/main/webapp', contextLoader = 'org.springframework.boot.test.context.SpringBootContextLoader', parent = [null]], attributes = map['org.springframework.test.context.web.ServletTestExecutionListener.activateListener' -> true]], class annotated with @DirtiesContext [false] with mode [null].

  .   ____          _            __ _ _
 /\\ / ___'_ __ _ _(_)_ __  __ _ \ \ \ \
( ( )\___ | '_ | '_| | '_ \/ _` | \ \ \ \
 \\/  ___)| |_)| | | | | || (_| |  ) ) ) )
  '  |____| .__|_| |_|_| |_\__, | / / / /
 =========|_|==============|___/=/_/_/_/
 :: Spring Boot ::                (v2.7.0)

2022-05-25 22:45:46.112  INFO 61905 --- [    Test worker] c.example.dicpop.DicpopApplicationTests  : Starting DicpopApplicationTests using Java 17.0.2 on YONGKIui-MacBookPro.local with PID 61905 (started by bravelee in /Users/bravelee/Documents/study/dicPop/03.source/dicpop)
2022-05-25 22:45:46.113  INFO 61905 --- [    Test worker] c.example.dicpop.DicpopApplicationTests  : No active profile set, falling back to 1 default profile: "default"
2022-05-25 22:45:46.883  INFO 61905 --- [    Test worker] o.s.b.a.w.s.WelcomePageHandlerMapping    : Adding welcome page: class path resource [static/index.html]
2022-05-25 22:45:47.065  INFO 61905 --- [    Test worker] c.example.dicpop.DicpopApplicationTests  : Started DicpopApplicationTests in 1.126 seconds (JVM running for 1.863)
]]></system-out>
  <system-err><![CDATA[]]></system-err>
</testsuite>
